#
# A fatal error has been detected by the Java Runtime Environment:
#
#  Internal Error (classFileParser.cpp:3494), pid=3555, tid=140636494444288
#  Error: ShouldNotReachHere()
#
# JRE version: 6.0_24-b24
# Java VM: OpenJDK 64-Bit Server VM (20.0-b12 mixed mode linux-amd64 compressed oops)
# Derivative: IcedTea6 1.11.4
# Distribution: Ubuntu 12.04 LTS, package 6b24-1.11.4-1ubuntu0.12.04.1
# If you would like to submit a bug report, please include
# instructions how to reproduce the bug and visit:
#   https://bugs.launchpad.net/ubuntu/+source/openjdk-6/
#

---------------  T H R E A D  ---------------

Current thread (0x00007fe874007800):  JavaThread "Unknown thread" [_thread_in_vm, id=3556, stack(0x00007fe87c3b3000,0x00007fe87c4b4000)]

Stack: [0x00007fe87c3b3000,0x00007fe87c4b4000],  sp=0x00007fe87c4b2080,  free space=1020k
Native frames: (J=compiled Java code, j=interpreted, Vv=VM code, C=native code)
V  [libjvm.so+0x7836d5]  VMError::report(outputStream*)+0x1255
V  [libjvm.so+0x783959]  VMError::report_and_die()+0x169
V  [libjvm.so+0x3bb18a]  report_vm_error(char const*, int, char const*, char const*)+0x4a
V  [libjvm.so+0x351555]  ClassFileParser::parseClassFile(symbolHandle, Handle, Handle, KlassHandle, GrowableArray<Handle>*, symbolHandle&, bool, Thread*)+0x1545
V  [libjvm.so+0x3557b3]  ClassLoader::load_classfile(symbolHandle, Thread*)+0x1f3
V  [libjvm.so+0x71b894]  SystemDictionary::load_instance_class(symbolHandle, Handle, Thread*)+0x354
V  [libjvm.so+0x719fa0]  SystemDictionary::resolve_instance_class_or_null(symbolHandle, Handle, Handle, Thread*)+0x7c0
V  [libjvm.so+0x71bf23]  SystemDictionary::resolve_or_fail(symbolHandle, Handle, Handle, bool, Thread*)+0x33
V  [libjvm.so+0x71c004]  SystemDictionary::resolve_or_fail(symbolHandle, bool, Thread*)+0x14
V  [libjvm.so+0x71c0b0]  SystemDictionary::initialize_wk_klass(SystemDictionary::WKID, int, Thread*)+0xa0
V  [libjvm.so+0x71c119]  SystemDictionary::initialize_wk_klasses_until(SystemDictionary::WKID, SystemDictionary::WKID&, Thread*)+0x59
V  [libjvm.so+0x71c211]  SystemDictionary::initialize_preloaded_classes(Thread*)+0x71
V  [libjvm.so+0x75fa8f]  Universe::genesis(Thread*)+0x11f
V  [libjvm.so+0x76043f]  universe2_init()+0x1f
V  [libjvm.so+0x473f25]  init_globals()+0x95
V  [libjvm.so+0x74a3ca]  Threads::create_vm(JavaVMInitArgs*, bool*)+0x1ea
V  [libjvm.so+0x4cdbf1]  JNI_CreateJavaVM+0x61
C  [java+0x317e]  JavaMain+0x7e


---------------  P R O C E S S  ---------------

Java Threads: ( => current thread )

Other Threads:

=>0x00007fe874007800 (exited) JavaThread "Unknown thread" [_thread_in_vm, id=3556, stack(0x00007fe87c3b3000,0x00007fe87c4b4000)]

VM state:not at safepoint (not fully initialized)

VM Mutex/Monitor currently owned by a thread: None

Dynamic libraries:
00400000-00409000 r-xp 00000000 08:06 13110275                           /usr/lib/jvm/java-6-openjdk-amd64/jre/bin/java
00608000-00609000 r--p 00008000 08:06 13110275                           /usr/lib/jvm/java-6-openjdk-amd64/jre/bin/java
00609000-0060a000 rw-p 00009000 08:06 13110275                           /usr/lib/jvm/java-6-openjdk-amd64/jre/bin/java
013f2000-01413000 rw-p 00000000 00:00 0                                  [heap]
77c400000-77d8c0000 rw-p 00000000 00:00 0 
77d8c0000-786a00000 rw-p 00000000 00:00 0 
786a00000-78bae0000 rw-p 00000000 00:00 0 
78bae0000-7d78b0000 rw-p 00000000 00:00 0 
7d78b0000-7da120000 rw-p 00000000 00:00 0 
7da120000-800000000 rw-p 00000000 00:00 0 
7fe854000000-7fe854021000 rw-p 00000000 00:00 0 
7fe854021000-7fe858000000 ---p 00000000 00:00 0 
7fe85c000000-7fe85c021000 rw-p 00000000 00:00 0 
7fe85c021000-7fe860000000 ---p 00000000 00:00 0 
7fe864000000-7fe864021000 rw-p 00000000 00:00 0 
7fe864021000-7fe868000000 ---p 00000000 00:00 0 
7fe86c000000-7fe86c021000 rw-p 00000000 00:00 0 
7fe86c021000-7fe870000000 ---p 00000000 00:00 0 
7fe871000000-7fe871270000 rwxp 00000000 00:00 0 
7fe871270000-7fe87407f000 rw-p 00000000 00:00 0 
7fe87407f000-7fe878000000 ---p 00000000 00:00 0 
7fe87866a000-7fe87872c000 r--s 010b9000 08:06 5250181                    /home/rsaez/programas/android-sdk/platforms/android-16/android.jar
7fe87872c000-7fe878754000 rw-p 00000000 00:00 0 
7fe878754000-7fe878755000 ---p 00000000 00:00 0 
7fe878755000-7fe878855000 rw-p 00000000 00:00 0 
7fe878855000-7fe878856000 ---p 00000000 00:00 0 
7fe878856000-7fe878956000 rw-p 00000000 00:00 0 
7fe878956000-7fe878957000 ---p 00000000 00:00 0 
7fe878957000-7fe878a57000 rw-p 00000000 00:00 0 
7fe878a57000-7fe878a58000 ---p 00000000 00:00 0 
7fe878a58000-7fe878b63000 rw-p 00000000 00:00 0 
7fe878b63000-7fe878bab000 rw-p 00000000 00:00 0 
7fe878bab000-7fe878bd4000 rw-p 00000000 00:00 0 
7fe878bd4000-7fe878e33000 rw-p 00000000 00:00 0 
7fe878e33000-7fe878e3e000 rw-p 00000000 00:00 0 
7fe878e3e000-7fe878e86000 rw-p 00000000 00:00 0 
7fe878e86000-7fe878eaf000 rw-p 00000000 00:00 0 
7fe878eaf000-7fe87910d000 rw-p 00000000 00:00 0 
7fe87910d000-7fe879122000 rw-p 00000000 00:00 0 
7fe879122000-7fe879251000 rw-p 00000000 00:00 0 
7fe879251000-7fe879252000 rw-p 00000000 00:00 0 
7fe879252000-7fe879259000 r-xp 00000000 08:06 13110273                   /usr/lib/jvm/java-6-openjdk-amd64/jre/lib/amd64/libzip.so
7fe879259000-7fe879458000 ---p 00007000 08:06 13110273                   /usr/lib/jvm/java-6-openjdk-amd64/jre/lib/amd64/libzip.so
7fe879458000-7fe879459000 r--p 00006000 08:06 13110273                   /usr/lib/jvm/java-6-openjdk-amd64/jre/lib/amd64/libzip.so
7fe879459000-7fe87945a000 rw-p 00007000 08:06 13110273                   /usr/lib/jvm/java-6-openjdk-amd64/jre/lib/amd64/libzip.so
7fe87945a000-7fe879466000 r-xp 00000000 08:06 14421621                   /lib/x86_64-linux-gnu/libnss_files-2.15.so
7fe879466000-7fe879665000 ---p 0000c000 08:06 14421621                   /lib/x86_64-linux-gnu/libnss_files-2.15.so
7fe879665000-7fe879666000 r--p 0000b000 08:06 14421621                   /lib/x86_64-linux-gnu/libnss_files-2.15.so
7fe879666000-7fe879667000 rw-p 0000c000 08:06 14421621                   /lib/x86_64-linux-gnu/libnss_files-2.15.so
7fe879667000-7fe879671000 r-xp 00000000 08:06 14421625                   /lib/x86_64-linux-gnu/libnss_nis-2.15.so
7fe879671000-7fe879871000 ---p 0000a000 08:06 14421625                   /lib/x86_64-linux-gnu/libnss_nis-2.15.so
7fe879871000-7fe879872000 r--p 0000a000 08:06 14421625                   /lib/x86_64-linux-gnu/libnss_nis-2.15.so
7fe879872000-7fe879873000 rw-p 0000b000 08:06 14421625                   /lib/x86_64-linux-gnu/libnss_nis-2.15.so
7fe879873000-7fe87988a000 r-xp 00000000 08:06 14421615                   /lib/x86_64-linux-gnu/libnsl-2.15.so
7fe87988a000-7fe879a89000 ---p 00017000 08:06 14421615                   /lib/x86_64-linux-gnu/libnsl-2.15.so
7fe879a89000-7fe879a8a000 r--p 00016000 08:06 14421615                   /lib/x86_64-linux-gnu/libnsl-2.15.so
7fe879a8a000-7fe879a8b000 rw-p 00017000 08:06 14421615                   /lib/x86_64-linux-gnu/libnsl-2.15.so
7fe879a8b000-7fe879a8d000 rw-p 00000000 00:00 0 
7fe879a8d000-7fe879a95000 r-xp 00000000 08:06 14421617                   /lib/x86_64-linux-gnu/libnss_compat-2.15.so
7fe879a95000-7fe879c94000 ---p 00008000 08:06 14421617                   /lib/x86_64-linux-gnu/libnss_compat-2.15.so
7fe879c94000-7fe879c95000 r--p 00007000 08:06 14421617                   /lib/x86_64-linux-gnu/libnss_compat-2.15.so
7fe879c95000-7fe879c96000 rw-p 00008000 08:06 14421617                   /lib/x86_64-linux-gnu/libnss_compat-2.15.so
7fe879c96000-7fe879cc2000 r-xp 00000000 08:06 13110258                   /usr/lib/jvm/java-6-openjdk-amd64/jre/lib/amd64/libjava.so
7fe879cc2000-7fe879ec1000 ---p 0002c000 08:06 13110258                   /usr/lib/jvm/java-6-openjdk-amd64/jre/lib/amd64/libjava.so
7fe879ec1000-7fe879ec2000 r--p 0002b000 08:06 13110258                   /usr/lib/jvm/java-6-openjdk-amd64/jre/lib/amd64/libjava.so
7fe879ec2000-7fe879ec5000 rw-p 0002c000 08:06 13110258                   /usr/lib/jvm/java-6-openjdk-amd64/jre/lib/amd64/libjava.so
7fe879ec5000-7fe879ed3000 r-xp 00000000 08:06 13110257                   /usr/lib/jvm/java-6-openjdk-amd64/jre/lib/amd64/libverify.so
7fe879ed3000-7fe87a0d2000 ---p 0000e000 08:06 13110257                   /usr/lib/jvm/java-6-openjdk-amd64/jre/lib/amd64/libverify.so
7fe87a0d2000-7fe87a0d4000 r--p 0000d000 08:06 13110257                   /usr/lib/jvm/java-6-openjdk-amd64/jre/lib/amd64/libverify.so
7fe87a0d4000-7fe87a0d5000 rw-p 0000f000 08:06 13110257                   /usr/lib/jvm/java-6-openjdk-amd64/jre/lib/amd64/libverify.so
7fe87a0d5000-7fe87a0dc000 r-xp 00000000 08:06 14421656                   /lib/x86_64-linux-gnu/librt-2.15.so
7fe87a0dc000-7fe87a2db000 ---p 00007000 08:06 14421656                   /lib/x86_64-linux-gnu/librt-2.15.so
7fe87a2db000-7fe87a2dc000 r--p 00006000 08:06 14421656                   /lib/x86_64-linux-gnu/librt-2.15.so
7fe87a2dc000-7fe87a2dd000 rw-p 00007000 08:06 14421656                   /lib/x86_64-linux-gnu/librt-2.15.so
7fe87a2dd000-7fe87a2f2000 r-xp 00000000 08:06 14421591                   /lib/x86_64-linux-gnu/libgcc_s.so.1
7fe87a2f2000-7fe87a4f1000 ---p 00015000 08:06 14421591                   /lib/x86_64-linux-gnu/libgcc_s.so.1
7fe87a4f1000-7fe87a4f2000 r--p 00014000 08:06 14421591                   /lib/x86_64-linux-gnu/libgcc_s.so.1
7fe87a4f2000-7fe87a4f3000 rw-p 00015000 08:06 14421591                   /lib/x86_64-linux-gnu/libgcc_s.so.1
7fe87a4f3000-7fe87a5ec000 r-xp 00000000 08:06 14421602                   /lib/x86_64-linux-gnu/libm-2.15.so
7fe87a5ec000-7fe87a7eb000 ---p 000f9000 08:06 14421602                   /lib/x86_64-linux-gnu/libm-2.15.so
7fe87a7eb000-7fe87a7ec000 r--p 000f8000 08:06 14421602                   /lib/x86_64-linux-gnu/libm-2.15.so
7fe87a7ec000-7fe87a7ed000 rw-p 000f9000 08:06 14421602                   /lib/x86_64-linux-gnu/libm-2.15.so
7fe87a7ed000-7fe87a8cf000 r-xp 00000000 08:06 12589744                   /usr/lib/x86_64-linux-gnu/libstdc++.so.6.0.16
7fe87a8cf000-7fe87aace000 ---p 000e2000 08:06 12589744                   /usr/lib/x86_64-linux-gnu/libstdc++.so.6.0.16
7fe87aace000-7fe87aad6000 r--p 000e1000 08:06 12589744                   /usr/lib/x86_64-linux-gnu/libstdc++.so.6.0.16
7fe87aad6000-7fe87aad8000 rw-p 000e9000 08:06 12589744                   /usr/lib/x86_64-linux-gnu/libstdc++.so.6.0.16
7fe87aad8000-7fe87aaed000 rw-p 00000000 00:00 0 
7fe87aaed000-7fe87b3f1000 r-xp 00000000 08:06 13110263                   /usr/lib/jvm/java-6-openjdk-amd64/jre/lib/amd64/server/libjvm.so
7fe87b3f1000-7fe87b5f1000 ---p 00904000 08:06 13110263                   /usr/lib/jvm/java-6-openjdk-amd64/jre/lib/amd64/server/libjvm.so
7fe87b5f1000-7fe87b671000 r--p 00904000 08:06 13110263                   /usr/lib/jvm/java-6-openjdk-amd64/jre/lib/amd64/server/libjvm.so
7fe87b671000-7fe87b68c000 rw-p 00984000 08:06 13110263                   /usr/lib/jvm/java-6-openjdk-amd64/jre/lib/amd64/server/libjvm.so
7fe87b68c000-7fe87b6b5000 rw-p 00000000 00:00 0 
7fe87b6b5000-7fe87b6cb000 r-xp 00000000 08:06 14421681                   /lib/x86_64-linux-gnu/libz.so.1.2.3.4
7fe87b6cb000-7fe87b8ca000 ---p 00016000 08:06 14421681                   /lib/x86_64-linux-gnu/libz.so.1.2.3.4
7fe87b8ca000-7fe87b8cb000 r--p 00015000 08:06 14421681                   /lib/x86_64-linux-gnu/libz.so.1.2.3.4
7fe87b8cb000-7fe87b8cc000 rw-p 00016000 08:06 14421681                   /lib/x86_64-linux-gnu/libz.so.1.2.3.4
7fe87b8cc000-7fe87ba7f000 r-xp 00000000 08:06 14421570                   /lib/x86_64-linux-gnu/libc-2.15.so
7fe87ba7f000-7fe87bc7e000 ---p 001b3000 08:06 14421570                   /lib/x86_64-linux-gnu/libc-2.15.so
7fe87bc7e000-7fe87bc82000 r--p 001b2000 08:06 14421570                   /lib/x86_64-linux-gnu/libc-2.15.so
7fe87bc82000-7fe87bc84000 rw-p 001b6000 08:06 14421570                   /lib/x86_64-linux-gnu/libc-2.15.so
7fe87bc84000-7fe87bc89000 rw-p 00000000 00:00 0 
7fe87bc89000-7fe87bc8b000 r-xp 00000000 08:06 14421583                   /lib/x86_64-linux-gnu/libdl-2.15.so
7fe87bc8b000-7fe87be8b000 ---p 00002000 08:06 14421583                   /lib/x86_64-linux-gnu/libdl-2.15.so
7fe87be8b000-7fe87be8c000 r--p 00002000 08:06 14421583                   /lib/x86_64-linux-gnu/libdl-2.15.so
7fe87be8c000-7fe87be8d000 rw-p 00003000 08:06 14421583                   /lib/x86_64-linux-gnu/libdl-2.15.so
7fe87be8d000-7fe87be91000 r-xp 00000000 08:06 13110240                   /usr/lib/jvm/java-6-openjdk-amd64/jre/lib/amd64/jli/libjli.so
7fe87be91000-7fe87c090000 ---p 00004000 08:06 13110240                   /usr/lib/jvm/java-6-openjdk-amd64/jre/lib/amd64/jli/libjli.so
7fe87c090000-7fe87c091000 r--p 00003000 08:06 13110240                   /usr/lib/jvm/java-6-openjdk-amd64/jre/lib/amd64/jli/libjli.so
7fe87c091000-7fe87c092000 rw-p 00004000 08:06 13110240                   /usr/lib/jvm/java-6-openjdk-amd64/jre/lib/amd64/jli/libjli.so
7fe87c092000-7fe87c0aa000 r-xp 00000000 08:06 14421650                   /lib/x86_64-linux-gnu/libpthread-2.15.so
7fe87c0aa000-7fe87c2a9000 ---p 00018000 08:06 14421650                   /lib/x86_64-linux-gnu/libpthread-2.15.so
7fe87c2a9000-7fe87c2aa000 r--p 00017000 08:06 14421650                   /lib/x86_64-linux-gnu/libpthread-2.15.so
7fe87c2aa000-7fe87c2ab000 rw-p 00018000 08:06 14421650                   /lib/x86_64-linux-gnu/libpthread-2.15.so
7fe87c2ab000-7fe87c2af000 rw-p 00000000 00:00 0 
7fe87c2af000-7fe87c2d1000 r-xp 00000000 08:06 14421550                   /lib/x86_64-linux-gnu/ld-2.15.so
7fe87c2f3000-7fe87c2fd000 rw-p 00000000 00:00 0 
7fe87c2fd000-7fe87c3b3000 rw-p 00000000 00:00 0 
7fe87c3b3000-7fe87c3b6000 ---p 00000000 00:00 0 
7fe87c3b6000-7fe87c4b9000 rw-p 00000000 00:00 0 
7fe87c4c5000-7fe87c4cd000 rw-s 00000000 08:06 11796488                   /tmp/hsperfdata_rsaez/3555
7fe87c4cd000-7fe87c4ce000 rw-p 00000000 00:00 0 
7fe87c4ce000-7fe87c4cf000 r--p 00000000 00:00 0 
7fe87c4cf000-7fe87c4d1000 rw-p 00000000 00:00 0 
7fe87c4d1000-7fe87c4d2000 r--p 00022000 08:06 14421550                   /lib/x86_64-linux-gnu/ld-2.15.so
7fe87c4d2000-7fe87c4d4000 rw-p 00023000 08:06 14421550                   /lib/x86_64-linux-gnu/ld-2.15.so
7fff8998a000-7fff899ab000 rw-p 00000000 00:00 0                          [stack]
7fff899ff000-7fff89a00000 r-xp 00000000 00:00 0                          [vdso]
ffffffffff600000-ffffffffff601000 r-xp 00000000 00:00 0                  [vsyscall]

VM Arguments:
jvm_args: -Dfile.encoding=UTF-8 -Xbootclasspath:/home/rsaez/programas/android-sdk/platforms/android-16/android.jar 
java_command: an.dpr.enbizzi.calendar.bean.BikeCalendar
Launcher Type: SUN_STANDARD

Environment Variables:
PATH=/usr/lib/lightdm/lightdm:/usr/local/sbin:/usr/local/bin:/usr/sbin:/usr/bin:/sbin:/bin:/usr/games
LD_LIBRARY_PATH=/usr/lib/jvm/java-6-openjdk-amd64/jre/lib/amd64/server:/usr/lib/jvm/java-6-openjdk-amd64/jre/lib/amd64:/usr/lib/jvm/java-6-openjdk-amd64/jre/../lib/amd64
SHELL=/bin/bash
DISPLAY=:0.0

Signal Handlers:
SIGSEGV: [libjvm.so+0x784310], sa_mask[0]=0x7ffbfeff, sa_flags=0x10000004
SIGBUS: [libjvm.so+0x784310], sa_mask[0]=0x7ffbfeff, sa_flags=0x10000004
SIGFPE: [libjvm.so+0x648580], sa_mask[0]=0x7ffbfeff, sa_flags=0x10000004
SIGPIPE: [libjvm.so+0x648580], sa_mask[0]=0x7ffbfeff, sa_flags=0x10000004
SIGXFSZ: [libjvm.so+0x648580], sa_mask[0]=0x7ffbfeff, sa_flags=0x10000004
SIGILL: [libjvm.so+0x648580], sa_mask[0]=0x7ffbfeff, sa_flags=0x10000004
SIGUSR1: SIG_DFL, sa_mask[0]=0x00000000, sa_flags=0x00000000
SIGUSR2: [libjvm.so+0x648730], sa_mask[0]=0x00000004, sa_flags=0x10000004
SIGHUP: SIG_DFL, sa_mask[0]=0x00000000, sa_flags=0x00000000
SIGINT: SIG_DFL, sa_mask[0]=0x00000000, sa_flags=0x00000000
SIGTERM: SIG_DFL, sa_mask[0]=0x00000000, sa_flags=0x00000000
SIGQUIT: SIG_DFL, sa_mask[0]=0x00000000, sa_flags=0x00000000


---------------  S Y S T E M  ---------------

OS:Ubuntu 12.04 (precise)
uname:Linux 3.2.0-30-generic #48-Ubuntu SMP Fri Aug 24 16:52:48 UTC 2012 x86_64
libc:glibc 2.15 NPTL 2.15 
rlimit: STACK 8192k, CORE 0k, NPROC 61973, NOFILE 4096, AS infinity
load average:0.40 0.28 0.32

/proc/meminfo:
MemTotal:        7950244 kB
MemFree:         4815020 kB
Buffers:           93736 kB
Cached:          1372760 kB
SwapCached:            0 kB
Active:          1993056 kB
Inactive:         893008 kB
Active(anon):    1441680 kB
Inactive(anon):   116500 kB
Active(file):     551376 kB
Inactive(file):   776508 kB
Unevictable:           0 kB
Mlocked:               0 kB
SwapTotal:       7998460 kB
SwapFree:        7998460 kB
Dirty:               192 kB
Writeback:             0 kB
AnonPages:       1419728 kB
Mapped:           136484 kB
Shmem:            138280 kB
Slab:             100060 kB
SReclaimable:      73700 kB
SUnreclaim:        26360 kB
KernelStack:        2856 kB
PageTables:        22920 kB
NFS_Unstable:          0 kB
Bounce:                0 kB
WritebackTmp:          0 kB
CommitLimit:    11973580 kB
Committed_AS:    3111128 kB
VmallocTotal:   34359738367 kB
VmallocUsed:      368764 kB
VmallocChunk:   34359356084 kB
HardwareCorrupted:     0 kB
AnonHugePages:         0 kB
HugePages_Total:       0
HugePages_Free:        0
HugePages_Rsvd:        0
HugePages_Surp:        0
Hugepagesize:       2048 kB
DirectMap4k:       69620 kB
DirectMap2M:     8097792 kB


CPU:total 4 (2 cores per cpu, 2 threads per core) family 6 model 42 stepping 7, cmov, cx8, fxsr, mmx, sse, sse2, sse3, ssse3, sse4.1, sse4.2, popcnt, ht

Memory: 4k page, physical 7950244k(4815020k free), swap 7998460k(7998460k free)

vm_info: OpenJDK 64-Bit Server VM (20.0-b12) for linux-amd64 JRE (1.6.0_24-b24), built on Sep  2 2012 19:50:47 by "buildd" with gcc 4.6.3

time: Sun Sep 30 21:47:24 2012
elapsed time: 0 seconds

